build/app/intermediates/manifest_merge_blame_file/release/manifest-merger-blame-release-report.txt
1<?xml version="1.0" encoding="utf-8"?>
2<manifest xmlns:android="http://schemas.android.com/apk/res/android"
3    package="com.qwika.merchantnewa"
4    android:versionCode="11"
5    android:versionName="5.7" >
6
7    <uses-sdk
8        android:minSdkVersion="21"
8-->src/main/AndroidManifest.xml
9        android:targetSdkVersion="31" />
9-->src/main/AndroidManifest.xml
10    <!--
11         io.flutter.app.FlutterApplication is an android.app.Application that
12         calls FlutterMain.startInitialization(this); in its onCreate method.
13         In most cases you can leave this as-is, but you if you want to provide
14         additional functionality it is fine to subclass or reimplement
15         FlutterApplication and put your custom class here.
16    -->
17    <uses-permission android:name="android.permission.INTERNET" />
17-->src/main/AndroidManifest.xml:8:5-66
17-->src/main/AndroidManifest.xml:8:22-64
18    <uses-permission android:name="android.permission.ACCESS_FINE_LOCATION" />
18-->src/main/AndroidManifest.xml:9:5-79
18-->src/main/AndroidManifest.xml:9:22-76
19    <uses-permission android:name="android.permission.ACCESS_COARSE_LOCATION" />
19-->src/main/AndroidManifest.xml:10:5-81
19-->src/main/AndroidManifest.xml:10:22-78
20    <uses-permission android:name="android.permission.BLUETOOTH" />
20-->src/main/AndroidManifest.xml:11:5-68
20-->src/main/AndroidManifest.xml:11:22-65
21    <uses-permission android:name="android.permission.BLUETOOTH_ADMIN" />
21-->src/main/AndroidManifest.xml:12:5-74
21-->src/main/AndroidManifest.xml:12:22-71
22
23    <queries>
23-->src/main/AndroidManifest.xml:14:5-27:15
24        <intent>
24-->src/main/AndroidManifest.xml:15:9-18:18
25            <action android:name="android.intent.action.VIEW" />
25-->src/main/AndroidManifest.xml:16:13-65
25-->src/main/AndroidManifest.xml:16:21-62
26
27            <data android:scheme="https" />
27-->src/main/AndroidManifest.xml:17:13-44
27-->src/main/AndroidManifest.xml:17:19-41
28        </intent>
29        <intent>
29-->src/main/AndroidManifest.xml:15:9-18:18
30            <action android:name="android.intent.action.DIAL" />
30-->src/main/AndroidManifest.xml:20:13-65
30-->src/main/AndroidManifest.xml:20:21-62
31
32            <data android:scheme="tel" />
32-->src/main/AndroidManifest.xml:17:13-44
32-->src/main/AndroidManifest.xml:17:19-41
33        </intent>
34        <intent>
34-->src/main/AndroidManifest.xml:15:9-18:18
35            <action android:name="android.intent.action.SEND" />
35-->src/main/AndroidManifest.xml:24:13-65
35-->src/main/AndroidManifest.xml:24:21-62
36
37            <data android:mimeType="*/*" />
37-->src/main/AndroidManifest.xml:17:13-44
37-->src/main/AndroidManifest.xml:25:19-41
38        </intent>
39    </queries>
40
41    <uses-permission android:name="android.permission.WAKE_LOCK" />
41-->[:firebase_messaging] AndroidManifest.xml:8:5-68
41-->[:firebase_messaging] AndroidManifest.xml:8:22-65
42    <uses-permission android:name="android.permission.ACCESS_NETWORK_STATE" />
42-->[:firebase_messaging] AndroidManifest.xml:9:5-79
42-->[:firebase_messaging] AndroidManifest.xml:9:22-76
43    <uses-permission android:name="android.permission.RECEIVE_BOOT_COMPLETED" />
43-->[:flutter_local_notifications] AndroidManifest.xml:7:5-81
43-->[:flutter_local_notifications] AndroidManifest.xml:7:22-78
44    <uses-permission android:name="android.permission.VIBRATE" />
44-->[:flutter_local_notifications] AndroidManifest.xml:8:5-66
44-->[:flutter_local_notifications] AndroidManifest.xml:8:22-63
45    <uses-permission android:name="android.permission.USE_FULL_SCREEN_INTENT" />
45-->[:flutter_local_notifications] AndroidManifest.xml:9:5-81
45-->[:flutter_local_notifications] AndroidManifest.xml:9:22-78
46    <uses-permission android:name="android.permission.SCHEDULE_EXACT_ALARM" /> <!-- Required by older versions of Google Play services to create IID tokens -->
46-->[:flutter_local_notifications] AndroidManifest.xml:10:5-79
46-->[:flutter_local_notifications] AndroidManifest.xml:10:22-76
47    <uses-permission android:name="com.google.android.c2dm.permission.RECEIVE" />
47-->[com.google.firebase:firebase-messaging:23.0.0] AndroidManifest.xml:25:5-82
47-->[com.google.firebase:firebase-messaging:23.0.0] AndroidManifest.xml:25:22-79
48
49    <application
49-->src/main/AndroidManifest.xml:29:5-80:19
50        android:appComponentFactory="androidx.core.app.CoreComponentFactory"
50-->[androidx.core:core:1.7.0] AndroidManifest.xml:24:18-86
51        android:icon="@mipmap/ic_launcher"
51-->src/main/AndroidManifest.xml:33:9-43
52        android:label="Qwika Vendor"
52-->src/main/AndroidManifest.xml:30:9-37
53        android:requestLegacyExternalStorage="true"
53-->src/main/AndroidManifest.xml:31:9-52
54        android:usesCleartextTraffic="true" >
54-->src/main/AndroidManifest.xml:32:9-44
55        <meta-data
55-->src/main/AndroidManifest.xml:34:9-35:70
56            android:name="com.google.android.geo.API_KEY"
56-->src/main/AndroidManifest.xml:34:20-65
57            android:value="AIzaSyCwS8OUUwmZTkAhMc09p3vDmliSDArwH8w" />
57-->src/main/AndroidManifest.xml:35:13-68
58
59        <activity
59-->src/main/AndroidManifest.xml:37:9-74:20
60            android:name="com.qwika.merchantnewa.MainActivity"
60-->src/main/AndroidManifest.xml:38:13-41
61            android:configChanges="orientation|keyboardHidden|keyboard|screenSize|smallestScreenSize|locale|layoutDirection|fontScale|screenLayout|density|uiMode"
61-->src/main/AndroidManifest.xml:41:13-163
62            android:exported="true"
62-->src/main/AndroidManifest.xml:43:13-36
63            android:hardwareAccelerated="true"
63-->src/main/AndroidManifest.xml:42:13-47
64            android:launchMode="singleTop"
64-->src/main/AndroidManifest.xml:39:13-43
65            android:theme="@style/LaunchTheme"
65-->src/main/AndroidManifest.xml:40:13-47
66            android:windowSoftInputMode="adjustResize" >
66-->src/main/AndroidManifest.xml:44:13-55
67
68            <!--
69                 Specifies an Android theme to apply to this Activity as soon as
70                 the Android process has started. This theme is visible to the user
71                 while the Flutter UI initializes. After that, this theme continues
72                 to determine the Window background behind the Flutter UI.
73            -->
74            <meta-data
74-->src/main/AndroidManifest.xml:49:13-52:17
75                android:name="io.flutter.embedding.android.NormalTheme"
75-->src/main/AndroidManifest.xml:50:15-70
76                android:resource="@style/NormalTheme" />
76-->src/main/AndroidManifest.xml:51:15-52
77            <!--
78                 Displays an Android View that continues showing the launch screen
79                 Drawable until Flutter paints its first frame, then this splash
80                 screen fades out. A splash screen is useful to avoid any visual
81                 gap between the end of Android's launch screen and the painting of
82                 Flutter's first frame.
83            -->
84            <meta-data
84-->src/main/AndroidManifest.xml:58:13-61:17
85                android:name="io.flutter.embedding.android.SplashScreenDrawable"
85-->src/main/AndroidManifest.xml:59:15-79
86                android:resource="@drawable/launch_background" />
86-->src/main/AndroidManifest.xml:60:15-61
87            <meta-data
87-->src/main/AndroidManifest.xml:63:13-65:43
88                android:name="com.google.firebase.messaging.default_notification_channel_id"
88-->src/main/AndroidManifest.xml:64:17-93
89                android:value="6ammart" />
89-->src/main/AndroidManifest.xml:65:17-40
90
91            <intent-filter>
91-->src/main/AndroidManifest.xml:66:13-69:29
92                <action android:name="android.intent.action.MAIN" />
92-->src/main/AndroidManifest.xml:67:17-68
92-->src/main/AndroidManifest.xml:67:25-66
93
94                <category android:name="android.intent.category.LAUNCHER" />
94-->src/main/AndroidManifest.xml:68:17-76
94-->src/main/AndroidManifest.xml:68:27-74
95            </intent-filter>
96            <intent-filter>
96-->src/main/AndroidManifest.xml:70:13-73:29
97                <action android:name="FLUTTER_NOTIFICATION_CLICK" />
97-->src/main/AndroidManifest.xml:71:17-69
97-->src/main/AndroidManifest.xml:71:25-66
98
99                <category android:name="android.intent.category.DEFAULT" />
99-->src/main/AndroidManifest.xml:72:17-76
99-->src/main/AndroidManifest.xml:72:27-73
100            </intent-filter>
101        </activity>
102        <!--
103             Don't delete the meta-data below.
104             This is used by the Flutter tool to generate GeneratedPluginRegistrant.java
105        -->
106        <meta-data
106-->src/main/AndroidManifest.xml:77:9-79:33
107            android:name="flutterEmbedding"
107-->src/main/AndroidManifest.xml:78:13-44
108            android:value="2" />
108-->src/main/AndroidManifest.xml:79:13-30
109
110        <service
110-->[:firebase_messaging] AndroidManifest.xml:12:9-15:72
111            android:name="io.flutter.plugins.firebase.messaging.FlutterFirebaseMessagingBackgroundService"
111-->[:firebase_messaging] AndroidManifest.xml:13:13-107
112            android:exported="false"
112-->[:firebase_messaging] AndroidManifest.xml:14:13-37
113            android:permission="android.permission.BIND_JOB_SERVICE" />
113-->[:firebase_messaging] AndroidManifest.xml:15:13-69
114        <service
114-->[:firebase_messaging] AndroidManifest.xml:16:9-22:19
115            android:name="io.flutter.plugins.firebase.messaging.FlutterFirebaseMessagingService"
115-->[:firebase_messaging] AndroidManifest.xml:17:13-97
116            android:exported="false" >
116-->[:firebase_messaging] AndroidManifest.xml:18:13-37
117            <intent-filter>
117-->[:firebase_messaging] AndroidManifest.xml:19:13-21:29
118                <action android:name="com.google.firebase.MESSAGING_EVENT" />
118-->[:firebase_messaging] AndroidManifest.xml:20:17-78
118-->[:firebase_messaging] AndroidManifest.xml:20:25-75
119            </intent-filter>
120        </service>
121
122        <receiver
122-->[:firebase_messaging] AndroidManifest.xml:24:9-31:20
123            android:name="io.flutter.plugins.firebase.messaging.FlutterFirebaseMessagingReceiver"
123-->[:firebase_messaging] AndroidManifest.xml:25:13-98
124            android:exported="true"
124-->[:firebase_messaging] AndroidManifest.xml:26:13-36
125            android:permission="com.google.android.c2dm.permission.SEND" >
125-->[:firebase_messaging] AndroidManifest.xml:27:13-73
126            <intent-filter>
126-->[:firebase_messaging] AndroidManifest.xml:28:13-30:29
127                <action android:name="com.google.android.c2dm.intent.RECEIVE" />
127-->[:firebase_messaging] AndroidManifest.xml:29:17-81
127-->[:firebase_messaging] AndroidManifest.xml:29:25-78
128            </intent-filter>
129        </receiver>
130
131        <service
131-->[:firebase_messaging] AndroidManifest.xml:33:9-37:19
132            android:name="com.google.firebase.components.ComponentDiscoveryService"
132-->[:firebase_messaging] AndroidManifest.xml:33:18-89
133            android:directBootAware="true"
133-->[com.google.firebase:firebase-common:20.0.0] AndroidManifest.xml:35:13-43
134            android:exported="false" >
134-->[com.google.firebase:firebase-messaging:23.0.0] AndroidManifest.xml:51:13-37
135            <meta-data
135-->[:firebase_messaging] AndroidManifest.xml:34:13-36:85
136                android:name="com.google.firebase.components:io.flutter.plugins.firebase.messaging.FlutterFirebaseAppRegistrar"
136-->[:firebase_messaging] AndroidManifest.xml:35:17-128
137                android:value="com.google.firebase.components.ComponentRegistrar" />
137-->[:firebase_messaging] AndroidManifest.xml:36:17-82
138            <meta-data
138-->[:firebase_core] AndroidManifest.xml:9:13-11:85
139                android:name="com.google.firebase.components:io.flutter.plugins.firebase.core.FlutterFirebaseCoreRegistrar"
139-->[:firebase_core] AndroidManifest.xml:10:17-124
140                android:value="com.google.firebase.components.ComponentRegistrar" />
140-->[:firebase_core] AndroidManifest.xml:11:17-82
141            <meta-data
141-->[com.google.firebase:firebase-messaging:23.0.0] AndroidManifest.xml:52:13-54:85
142                android:name="com.google.firebase.components:com.google.firebase.messaging.FirebaseMessagingRegistrar"
142-->[com.google.firebase:firebase-messaging:23.0.0] AndroidManifest.xml:53:17-119
143                android:value="com.google.firebase.components.ComponentRegistrar" />
143-->[com.google.firebase:firebase-messaging:23.0.0] AndroidManifest.xml:54:17-82
144            <meta-data
144-->[com.google.firebase:firebase-datatransport:18.0.0] AndroidManifest.xml:28:13-30:85
145                android:name="com.google.firebase.components:com.google.firebase.datatransport.TransportRegistrar"
145-->[com.google.firebase:firebase-datatransport:18.0.0] AndroidManifest.xml:29:17-115
146                android:value="com.google.firebase.components.ComponentRegistrar" />
146-->[com.google.firebase:firebase-datatransport:18.0.0] AndroidManifest.xml:30:17-82
147            <meta-data
147-->[com.google.firebase:firebase-installations:17.0.0] AndroidManifest.xml:18:13-20:85
148                android:name="com.google.firebase.components:com.google.firebase.installations.FirebaseInstallationsRegistrar"
148-->[com.google.firebase:firebase-installations:17.0.0] AndroidManifest.xml:19:17-127
149                android:value="com.google.firebase.components.ComponentRegistrar" />
149-->[com.google.firebase:firebase-installations:17.0.0] AndroidManifest.xml:20:17-82
150        </service>
151
152        <provider
152-->[:firebase_messaging] AndroidManifest.xml:39:9-43:38
153            android:name="io.flutter.plugins.firebase.messaging.FlutterFirebaseMessagingInitProvider"
153-->[:firebase_messaging] AndroidManifest.xml:40:13-102
154            android:authorities="com.qwika.merchantnewa.flutterfirebasemessaginginitprovider"
154-->[:firebase_messaging] AndroidManifest.xml:41:13-88
155            android:exported="false"
155-->[:firebase_messaging] AndroidManifest.xml:42:13-37
156            android:initOrder="99" />
156-->[:firebase_messaging] AndroidManifest.xml:43:13-35
157        <provider
157-->[:image_picker] AndroidManifest.xml:8:9-16:20
158            android:name="io.flutter.plugins.imagepicker.ImagePickerFileProvider"
158-->[:image_picker] AndroidManifest.xml:9:13-82
159            android:authorities="com.qwika.merchantnewa.flutter.image_provider"
159-->[:image_picker] AndroidManifest.xml:10:13-74
160            android:exported="false"
160-->[:image_picker] AndroidManifest.xml:11:13-37
161            android:grantUriPermissions="true" >
161-->[:image_picker] AndroidManifest.xml:12:13-47
162            <meta-data
162-->[:image_picker] AndroidManifest.xml:13:13-15:75
163                android:name="android.support.FILE_PROVIDER_PATHS"
163-->[:image_picker] AndroidManifest.xml:14:17-67
164                android:resource="@xml/flutter_image_picker_file_paths" />
164-->[:image_picker] AndroidManifest.xml:15:17-72
165        </provider>
166
167        <receiver
167-->[:flutter_local_notifications] AndroidManifest.xml:13:9-15:40
168            android:name="com.dexterous.flutterlocalnotifications.ScheduledNotificationReceiver"
168-->[:flutter_local_notifications] AndroidManifest.xml:14:13-97
169            android:exported="false" />
169-->[:flutter_local_notifications] AndroidManifest.xml:15:13-37
170        <receiver
170-->[:flutter_local_notifications] AndroidManifest.xml:16:9-25:20
171            android:name="com.dexterous.flutterlocalnotifications.ScheduledNotificationBootReceiver"
171-->[:flutter_local_notifications] AndroidManifest.xml:17:13-101
172            android:exported="false" >
172-->[:flutter_local_notifications] AndroidManifest.xml:18:13-37
173            <intent-filter>
173-->[:flutter_local_notifications] AndroidManifest.xml:19:13-24:29
174                <action android:name="android.intent.action.BOOT_COMPLETED" />
174-->[:flutter_local_notifications] AndroidManifest.xml:20:17-79
174-->[:flutter_local_notifications] AndroidManifest.xml:20:25-76
175                <action android:name="android.intent.action.MY_PACKAGE_REPLACED" />
175-->[:flutter_local_notifications] AndroidManifest.xml:21:17-84
175-->[:flutter_local_notifications] AndroidManifest.xml:21:25-81
176                <action android:name="android.intent.action.QUICKBOOT_POWERON" />
176-->[:flutter_local_notifications] AndroidManifest.xml:22:17-82
176-->[:flutter_local_notifications] AndroidManifest.xml:22:25-79
177                <action android:name="com.htc.intent.action.QUICKBOOT_POWERON" />
177-->[:flutter_local_notifications] AndroidManifest.xml:23:17-82
177-->[:flutter_local_notifications] AndroidManifest.xml:23:25-79
178            </intent-filter>
179        </receiver>
180
181        <activity
181-->[:url_launcher_android] AndroidManifest.xml:8:9-11:74
182            android:name="io.flutter.plugins.urllauncher.WebViewActivity"
182-->[:url_launcher_android] AndroidManifest.xml:9:13-74
183            android:exported="false"
183-->[:url_launcher_android] AndroidManifest.xml:10:13-37
184            android:theme="@android:style/Theme.NoTitleBar.Fullscreen" />
184-->[:url_launcher_android] AndroidManifest.xml:11:13-71
185
186        <uses-library
186-->[androidx.window:window:1.0.0-beta04] AndroidManifest.xml:25:9-27:40
187            android:name="androidx.window.extensions"
187-->[androidx.window:window:1.0.0-beta04] AndroidManifest.xml:26:13-54
188            android:required="false" />
188-->[androidx.window:window:1.0.0-beta04] AndroidManifest.xml:27:13-37
189        <uses-library
189-->[androidx.window:window:1.0.0-beta04] AndroidManifest.xml:28:9-30:40
190            android:name="androidx.window.sidecar"
190-->[androidx.window:window:1.0.0-beta04] AndroidManifest.xml:29:13-51
191            android:required="false" />
191-->[androidx.window:window:1.0.0-beta04] AndroidManifest.xml:30:13-37
192
193        <receiver
193-->[com.google.firebase:firebase-messaging:23.0.0] AndroidManifest.xml:28:9-35:20
194            android:name="com.google.firebase.iid.FirebaseInstanceIdReceiver"
194-->[com.google.firebase:firebase-messaging:23.0.0] AndroidManifest.xml:29:13-78
195            android:exported="true"
195-->[com.google.firebase:firebase-messaging:23.0.0] AndroidManifest.xml:30:13-36
196            android:permission="com.google.android.c2dm.permission.SEND" >
196-->[com.google.firebase:firebase-messaging:23.0.0] AndroidManifest.xml:31:13-73
197            <intent-filter>
197-->[:firebase_messaging] AndroidManifest.xml:28:13-30:29
198                <action android:name="com.google.android.c2dm.intent.RECEIVE" />
198-->[:firebase_messaging] AndroidManifest.xml:29:17-81
198-->[:firebase_messaging] AndroidManifest.xml:29:25-78
199            </intent-filter>
200        </receiver>
201        <!--
202             FirebaseMessagingService performs security checks at runtime,
203             but set to not exported to explicitly avoid allowing another app to call it.
204        -->
205        <service
205-->[com.google.firebase:firebase-messaging:23.0.0] AndroidManifest.xml:41:9-48:19
206            android:name="com.google.firebase.messaging.FirebaseMessagingService"
206-->[com.google.firebase:firebase-messaging:23.0.0] AndroidManifest.xml:42:13-82
207            android:directBootAware="true"
207-->[com.google.firebase:firebase-messaging:23.0.0] AndroidManifest.xml:43:13-43
208            android:exported="false" >
208-->[com.google.firebase:firebase-messaging:23.0.0] AndroidManifest.xml:44:13-37
209            <intent-filter android:priority="-500" >
209-->[:firebase_messaging] AndroidManifest.xml:19:13-21:29
210                <action android:name="com.google.firebase.MESSAGING_EVENT" />
210-->[:firebase_messaging] AndroidManifest.xml:20:17-78
210-->[:firebase_messaging] AndroidManifest.xml:20:25-75
211            </intent-filter>
212        </service>
213
214        <provider
214-->[com.google.firebase:firebase-common:20.0.0] AndroidManifest.xml:26:9-31:39
215            android:name="com.google.firebase.provider.FirebaseInitProvider"
215-->[com.google.firebase:firebase-common:20.0.0] AndroidManifest.xml:27:13-77
216            android:authorities="com.qwika.merchantnewa.firebaseinitprovider"
216-->[com.google.firebase:firebase-common:20.0.0] AndroidManifest.xml:28:13-72
217            android:directBootAware="true"
217-->[com.google.firebase:firebase-common:20.0.0] AndroidManifest.xml:29:13-43
218            android:exported="false"
218-->[com.google.firebase:firebase-common:20.0.0] AndroidManifest.xml:30:13-37
219            android:initOrder="100" />
219-->[com.google.firebase:firebase-common:20.0.0] AndroidManifest.xml:31:13-36
220
221        <meta-data
221-->[com.google.android.gms:play-services-basement:17.0.0] AndroidManifest.xml:23:9-25:69
222            android:name="com.google.android.gms.version"
222-->[com.google.android.gms:play-services-basement:17.0.0] AndroidManifest.xml:24:13-58
223            android:value="@integer/google_play_services_version" />
223-->[com.google.android.gms:play-services-basement:17.0.0] AndroidManifest.xml:25:13-66
224
225        <service
225-->[com.google.android.datatransport:transport-backend-cct:3.0.0] AndroidManifest.xml:29:9-35:19
226            android:name="com.google.android.datatransport.runtime.backends.TransportBackendDiscovery"
226-->[com.google.android.datatransport:transport-backend-cct:3.0.0] AndroidManifest.xml:30:13-103
227            android:exported="false" >
227-->[com.google.android.datatransport:transport-backend-cct:3.0.0] AndroidManifest.xml:31:13-37
228            <meta-data
228-->[com.google.android.datatransport:transport-backend-cct:3.0.0] AndroidManifest.xml:32:13-34:39
229                android:name="backend:com.google.android.datatransport.cct.CctBackendFactory"
229-->[com.google.android.datatransport:transport-backend-cct:3.0.0] AndroidManifest.xml:33:17-94
230                android:value="cct" />
230-->[com.google.android.datatransport:transport-backend-cct:3.0.0] AndroidManifest.xml:34:17-36
231        </service>
232        <service
232-->[com.google.android.datatransport:transport-runtime:3.0.0] AndroidManifest.xml:26:9-30:19
233            android:name="com.google.android.datatransport.runtime.scheduling.jobscheduling.JobInfoSchedulerService"
233-->[com.google.android.datatransport:transport-runtime:3.0.0] AndroidManifest.xml:27:13-117
234            android:exported="false"
234-->[com.google.android.datatransport:transport-runtime:3.0.0] AndroidManifest.xml:28:13-37
235            android:permission="android.permission.BIND_JOB_SERVICE" >
235-->[com.google.android.datatransport:transport-runtime:3.0.0] AndroidManifest.xml:29:13-69
236        </service>
237
238        <receiver
238-->[com.google.android.datatransport:transport-runtime:3.0.0] AndroidManifest.xml:32:9-34:40
239            android:name="com.google.android.datatransport.runtime.scheduling.jobscheduling.AlarmManagerSchedulerBroadcastReceiver"
239-->[com.google.android.datatransport:transport-runtime:3.0.0] AndroidManifest.xml:33:13-132
240            android:exported="false" />
240-->[com.google.android.datatransport:transport-runtime:3.0.0] AndroidManifest.xml:34:13-37
241    </application>
242
243</manifest>